#
# A fatal error has been detected by the Java Runtime Environment:
#
#  EXCEPTION_ACCESS_VIOLATION (0xc0000005) at pc=0x00007ffebc650f5c, pid=16052, tid=0x0000000000003984
#
# JRE version: Java(TM) SE Runtime Environment (8.0_121-b13) (build 1.8.0_121-b13)
# Java VM: Java HotSpot(TM) 64-Bit Server VM (25.121-b13 mixed mode windows-amd64 compressed oops)
# Problematic frame:
# C  [lwjgl_opengl.dll+0x10f5c]
#
# Failed to write core dump. Minidumps are not enabled by default on client versions of Windows
#
# If you would like to submit a bug report, please visit:
#   http://bugreport.java.com/bugreport/crash.jsp
# The crash happened outside the Java Virtual Machine in native code.
# See problematic frame for where to report the bug.
#

---------------  T H R E A D  ---------------

Current thread (0x0000000002b63800):  JavaThread "main" [_thread_in_native, id=14724, stack(0x0000000002a60000,0x0000000002b60000)]

siginfo: ExceptionCode=0xc0000005, reading address 0x00000000000040e8

Registers:
RAX=0x000000007105fd50, RBX=0x000000001c06b540, RCX=0x000000000000000a, RDX=0x000000000000000a
RSP=0x0000000002b5f0a8, RBP=0x0000000002b5f130, RSI=0x000000001bb90468, RDI=0x0000000002c67e70
R8 =0x000000000000000a, R9 =0x000000000000000a, R10=0x0000000000000000, R11=0x0000000070aeb820
R12=0x0000000000000000, R13=0x000000001c06b540, R14=0x0000000002b5f168, R15=0x0000000002b63800
RIP=0x00007ffebc650f5c, EFLAGS=0x0000000000010202

Top of Stack: (sp=0x0000000002b5f0a8)
0x0000000002b5f0a8:   0000000002c77934 0000000002c67e70
0x0000000002b5f0b8:   0000000002c7769d 0000000002b63800
0x0000000002b5f0c8:   000000001c06b540 000000000000000a
0x0000000002b5f0d8:   000000000000000a 0000000002b5f1f0
0x0000000002b5f0e8:   0000000002c77662 0000000002b5f0f0
0x0000000002b5f0f8:   000000001c06b540 0000000002b5f168
0x0000000002b5f108:   000000001c074b18 0000000000000000
0x0000000002b5f118:   000000001c06b540 0000000000000000
0x0000000002b5f128:   0000000002b5f150 0000000002b5f1b0
0x0000000002b5f138:   0000000002c6835d 000000076b4aeea0
0x0000000002b5f148:   0000000002c719d8 000000000000000a
0x0000000002b5f158:   000000000000000a 000000000000000a
0x0000000002b5f168:   000000000000000a 0000000002b5f170
0x0000000002b5f178:   000000001bf90caa 0000000002b5f1f0
0x0000000002b5f188:   000000001bf911a8 0000000000000000
0x0000000002b5f198:   000000001bf90e00 0000000002b5f150 

Instructions: (pc=0x00007ffebc650f5c)
0x00007ffebc650f3c:   cc cc cc cc 40 53 48 8b 01 41 8b d8 44 8b 44 24
0x00007ffebc650f4c:   30 41 8b d1 44 8b 4c 24 38 8b cb 4c 8b 50 18 5b
0x00007ffebc650f5c:   49 ff a2 e8 40 00 00 cc cc cc cc cc cc cc cc cc
0x00007ffebc650f6c:   cc cc cc cc 40 53 48 83 ec 50 48 8b 01 41 8b d8 


Register to memory mapping:

RAX=0x000000007105fd50 is an unknown value
RBX={method} {0x000000001c06b548} 'glViewport' '(IIII)V' in 'org/lwjgl/opengl/GL11'
RCX=0x000000000000000a is an unknown value
RDX=0x000000000000000a is an unknown value
RSP=0x0000000002b5f0a8 is pointing into the stack for thread: 0x0000000002b63800
RBP=0x0000000002b5f130 is pointing into the stack for thread: 0x0000000002b63800
RSI={method} {0x000000001bb90470} '<init>' '()V' in 'java/lang/Object'
RDI=0x0000000002c67e70 is at code_begin+1040 in an Interpreter codelet
invoke return entry points  [0x0000000002c67a60, 0x0000000002c68440]  2528 bytes
R8 =0x000000000000000a is an unknown value
R9 =0x000000000000000a is an unknown value
R10=0x0000000000000000 is an unknown value
R11=0x0000000070aeb820 is an unknown value
R12=0x0000000000000000 is an unknown value
R13={method} {0x000000001c06b548} 'glViewport' '(IIII)V' in 'org/lwjgl/opengl/GL11'
R14=0x0000000002b5f168 is pointing into the stack for thread: 0x0000000002b63800
R15=0x0000000002b63800 is a thread


Stack: [0x0000000002a60000,0x0000000002b60000],  sp=0x0000000002b5f0a8,  free space=1020k
Native frames: (J=compiled Java code, j=interpreted, Vv=VM code, C=native code)
C  [lwjgl_opengl.dll+0x10f5c]
C  0x0000000002c77934

Java frames: (J=compiled Java code, j=interpreted, Vv=VM code)
j  org.lwjgl.opengl.GL11.glViewport(IIII)V+0
j  lwjglTest0.Main.init()V+18
j  lwjglTest0.Main.run()V+30
j  lwjglTest0.Main.main([Ljava/lang/String;)V+7
v  ~StubRoutines::call_stub

---------------  P R O C E S S  ---------------

Java Threads: ( => current thread )
  0x000000001e548000 JavaThread "Service Thread" daemon [_thread_blocked, id=1728, stack(0x000000001e8d0000,0x000000001e9d0000)]
  0x000000001c588000 JavaThread "C1 CompilerThread2" daemon [_thread_blocked, id=1404, stack(0x000000001e3d0000,0x000000001e4d0000)]
  0x000000001c579800 JavaThread "C2 CompilerThread1" daemon [_thread_blocked, id=15024, stack(0x000000001e2d0000,0x000000001e3d0000)]
  0x000000001c576800 JavaThread "C2 CompilerThread0" daemon [_thread_blocked, id=10028, stack(0x000000001e1d0000,0x000000001e2d0000)]
  0x000000001c573000 JavaThread "Attach Listener" daemon [_thread_blocked, id=14004, stack(0x000000001e0d0000,0x000000001e1d0000)]
  0x000000001c572000 JavaThread "Signal Dispatcher" daemon [_thread_blocked, id=14304, stack(0x000000001dfd0000,0x000000001e0d0000)]
  0x000000001c561800 JavaThread "Finalizer" daemon [_thread_blocked, id=18276, stack(0x000000001dde0000,0x000000001dee0000)]
  0x0000000002c56800 JavaThread "Reference Handler" daemon [_thread_blocked, id=13116, stack(0x000000001dce0000,0x000000001dde0000)]
=>0x0000000002b63800 JavaThread "main" [_thread_in_native, id=14724, stack(0x0000000002a60000,0x0000000002b60000)]

Other Threads:
  0x000000001c538000 VMThread [stack: 0x000000001dbe0000,0x000000001dce0000] [id=7128]
  0x000000001e576000 WatcherThread [stack: 0x000000001e9d0000,0x000000001ead0000] [id=12732]

VM state:not at safepoint (normal execution)

VM Mutex/Monitor currently owned by a thread: None

Heap:
 PSYoungGen      total 76288K, used 7864K [0x000000076ad80000, 0x0000000770280000, 0x00000007c0000000)
  eden space 65536K, 12% used [0x000000076ad80000,0x000000076b52e3f8,0x000000076ed80000)
  from space 10752K, 0% used [0x000000076f800000,0x000000076f800000,0x0000000770280000)
  to   space 10752K, 0% used [0x000000076ed80000,0x000000076ed80000,0x000000076f800000)
 ParOldGen       total 175104K, used 0K [0x00000006c0800000, 0x00000006cb300000, 0x000000076ad80000)
  object space 175104K, 0% used [0x00000006c0800000,0x00000006c0800000,0x00000006cb300000)
 Metaspace       used 5615K, capacity 5784K, committed 5888K, reserved 1056768K
  class space    used 610K, capacity 706K, committed 768K, reserved 1048576K

Card table byte_map: [0x0000000012020000,0x0000000012820000] byte_map_base: 0x000000000ea1c000

Marking Bits: (ParMarkBitMap*) 0x00000000710db6d0
 Begin Bits: [0x0000000013380000, 0x0000000017360000)
 End Bits:   [0x0000000017360000, 0x000000001b340000)

Polling page: 0x0000000001210000

CodeCache: size=245760Kb used=2249Kb max_used=2249Kb free=243510Kb
 bounds [0x0000000002c60000, 0x0000000002ed0000, 0x0000000011c60000]
 total_blobs=1170 nmethods=471 adapters=613
 compilation: enabled

Compilation events (10 events):
Event: 0.327 Thread 0x000000001c588000 nmethod 467 0x0000000002e8c2d0 code [0x0000000002e8c460, 0x0000000002e8c948]
Event: 0.327 Thread 0x000000001c588000  468       3       java.lang.Character::codePointAt (51 bytes)
Event: 0.328 Thread 0x000000001c588000 nmethod 468 0x0000000002e8cad0 code [0x0000000002e8cc80, 0x0000000002e8d328]
Event: 0.328 Thread 0x000000001c588000  469       3       java.util.regex.Pattern$Node::match (27 bytes)
Event: 0.328 Thread 0x000000001c588000 nmethod 469 0x0000000002e8d4d0 code [0x0000000002e8d640, 0x0000000002e8d7f0]
Event: 0.328 Thread 0x000000001c588000  470       3       sun.misc.JarIndex::get (49 bytes)
Event: 0.328 Thread 0x000000001c576800 nmethod 464 0x0000000002e907d0 code [0x0000000002e90920, 0x0000000002e90bd8]
Event: 0.329 Thread 0x000000001c588000 nmethod 470 0x0000000002e8e550 code [0x0000000002e8e720, 0x0000000002e8ef98]
Event: 0.329 Thread 0x000000001c579800 nmethod 465 0x0000000002e8e190 code [0x0000000002e8e2e0, 0x0000000002e8e3f8]
Event: 0.331 Thread 0x000000001c588000  471   !   3       sun.misc.URLClassPath$JarLoader::getResource (353 bytes)

GC Heap History (0 events):
No events

Deoptimization events (0 events):
No events

Internal exceptions (10 events):
Event: 0.036 Thread 0x0000000002b63800 Exception <a 'java/lang/NoSuchMethodError': Method sun.misc.Unsafe.prefetchRead(Ljava/lang/Object;J)V name or signature does not match> (0x000000076ad87f90) thrown at [C:\re\workspace\8-2-build-windows-amd64-cygwin\jdk8u121\8372\hotspot\src\share\vm\prims
Event: 0.147 Thread 0x0000000002b63800 Exception <a 'java/lang/NoSuchMethodError': java.lang.Object.lambda$static$0(Ljava/lang/String;)Ljava/lang/Boolean;> (0x000000076b0152a8) thrown at [C:\re\workspace\8-2-build-windows-amd64-cygwin\jdk8u121\8372\hotspot\src\share\vm\interpreter\linkResolver
Event: 0.161 Thread 0x0000000002b63800 Exception <a 'java/lang/NoSuchFieldError': method resolution failed> (0x000000076b08d080) thrown at [C:\re\workspace\8-2-build-windows-amd64-cygwin\jdk8u121\8372\hotspot\src\share\vm\prims\methodHandles.cpp, line 1146]
Event: 0.163 Thread 0x0000000002b63800 Exception <a 'java/lang/NoSuchFieldError': method resolution failed> (0x000000076b09a400) thrown at [C:\re\workspace\8-2-build-windows-amd64-cygwin\jdk8u121\8372\hotspot\src\share\vm\prims\methodHandles.cpp, line 1146]
Event: 0.183 Thread 0x0000000002b63800 Exception <a 'java/security/PrivilegedActionException'> (0x000000076b12bdc0) thrown at [C:\re\workspace\8-2-build-windows-amd64-cygwin\jdk8u121\8372\hotspot\src\share\vm\prims\jvm.cpp, line 1390]
Event: 0.183 Thread 0x0000000002b63800 Exception <a 'java/security/PrivilegedActionException'> (0x000000076b12bfd0) thrown at [C:\re\workspace\8-2-build-windows-amd64-cygwin\jdk8u121\8372\hotspot\src\share\vm\prims\jvm.cpp, line 1390]
Event: 0.183 Thread 0x0000000002b63800 Exception <a 'java/security/PrivilegedActionException'> (0x000000076b12fc40) thrown at [C:\re\workspace\8-2-build-windows-amd64-cygwin\jdk8u121\8372\hotspot\src\share\vm\prims\jvm.cpp, line 1390]
Event: 0.183 Thread 0x0000000002b63800 Exception <a 'java/security/PrivilegedActionException'> (0x000000076b12fe50) thrown at [C:\re\workspace\8-2-build-windows-amd64-cygwin\jdk8u121\8372\hotspot\src\share\vm\prims\jvm.cpp, line 1390]
Event: 0.329 Thread 0x0000000002b63800 Exception <a 'sun/nio/fs/WindowsException'> (0x000000076b4f62c0) thrown at [C:\re\workspace\8-2-build-windows-amd64-cygwin\jdk8u121\8372\hotspot\src\share\vm\prims\jni.cpp, line 709]
Event: 0.329 Thread 0x0000000002b63800 Exception <a 'sun/nio/fs/WindowsException'> (0x000000076b4f6ab8) thrown at [C:\re\workspace\8-2-build-windows-amd64-cygwin\jdk8u121\8372\hotspot\src\share\vm\prims\jni.cpp, line 709]

Events (10 events):
Event: 0.329 loading class java/nio/file/NoSuchFileException
Event: 0.329 loading class java/nio/file/FileSystemException
Event: 0.329 loading class java/nio/file/FileSystemException done
Event: 0.329 loading class java/nio/file/NoSuchFileException done
Event: 0.330 loading class org/lwjgl/opengl/GL$1
Event: 0.330 loading class org/lwjgl/opengl/GL$1 done
Event: 0.331 loading class org/lwjgl/opengl/GL$SharedLibraryGL
Event: 0.331 loading class org/lwjgl/opengl/GL$SharedLibraryGL done
Event: 0.331 loading class org/lwjgl/system/SharedLibrary$Delegate
Event: 0.331 loading class org/lwjgl/system/SharedLibrary$Delegate done


Dynamic libraries:
0x00007ff6fc100000 - 0x00007ff6fc137000 	C:\Program Files\Java\jre1.8.0_121\bin\javaw.exe
0x00007ffedb860000 - 0x00007ffedba3b000 	C:\WINDOWS\SYSTEM32\ntdll.dll
0x00007ffeda170000 - 0x00007ffeda21e000 	C:\WINDOWS\System32\KERNEL32.DLL
0x00007ffed8170000 - 0x00007ffed83b9000 	C:\WINDOWS\System32\KERNELBASE.dll
0x00007ffeda2d0000 - 0x00007ffeda371000 	C:\WINDOWS\System32\ADVAPI32.dll
0x00007ffed9ff0000 - 0x00007ffeda08d000 	C:\WINDOWS\System32\msvcrt.dll
0x00007ffed94c0000 - 0x00007ffed9519000 	C:\WINDOWS\System32\sechost.dll
0x00007ffed8dc0000 - 0x00007ffed8ee5000 	C:\WINDOWS\System32\RPCRT4.dll
0x00007ffed9bb0000 - 0x00007ffed9cfa000 	C:\WINDOWS\System32\USER32.dll
0x00007ffed8b60000 - 0x00007ffed8b7e000 	C:\WINDOWS\System32\win32u.dll
0x00007ffed9e70000 - 0x00007ffed9e97000 	C:\WINDOWS\System32\GDI32.dll
0x00007ffed7dd0000 - 0x00007ffed7f59000 	C:\WINDOWS\System32\gdi32full.dll
0x00007ffed8ac0000 - 0x00007ffed8b5a000 	C:\WINDOWS\System32\msvcp_win.dll
0x00007ffed8010000 - 0x00007ffed8106000 	C:\WINDOWS\System32\ucrtbase.dll
0x00007ffecdb60000 - 0x00007ffecddc7000 	C:\WINDOWS\WinSxS\amd64_microsoft.windows.common-controls_6595b64144ccf1df_6.0.15063.0_none_108e4f62dfe5d999\COMCTL32.dll
0x00007ffed8f00000 - 0x00007ffed91f9000 	C:\WINDOWS\System32\combase.dll
0x00007ffed8d50000 - 0x00007ffed8dba000 	C:\WINDOWS\System32\bcryptPrimitives.dll
0x00007ffed9960000 - 0x00007ffed998d000 	C:\WINDOWS\System32\IMM32.DLL
0x0000000070730000 - 0x0000000070802000 	C:\Program Files\Java\jre1.8.0_121\bin\msvcr100.dll
0x00000000708c0000 - 0x000000007115b000 	C:\Program Files\Java\jre1.8.0_121\bin\server\jvm.dll
0x00007ffed9fe0000 - 0x00007ffed9fe8000 	C:\WINDOWS\System32\PSAPI.DLL
0x00007ffed1770000 - 0x00007ffed1793000 	C:\WINDOWS\SYSTEM32\WINMM.dll
0x00007ffed43b0000 - 0x00007ffed43ba000 	C:\WINDOWS\SYSTEM32\VERSION.dll
0x00007ffec2fb0000 - 0x00007ffec2fb9000 	C:\WINDOWS\SYSTEM32\WSOCK32.dll
0x00007ffed9f70000 - 0x00007ffed9fdc000 	C:\WINDOWS\System32\WS2_32.dll
0x00007ffed0c60000 - 0x00007ffed0c8b000 	C:\WINDOWS\SYSTEM32\winmmbase.dll
0x00007ffed7d80000 - 0x00007ffed7dc9000 	C:\WINDOWS\System32\cfgmgr32.dll
0x0000000071280000 - 0x000000007128f000 	C:\Program Files\Java\jre1.8.0_121\bin\verify.dll
0x0000000070890000 - 0x00000000708b9000 	C:\Program Files\Java\jre1.8.0_121\bin\java.dll
0x0000000071260000 - 0x0000000071276000 	C:\Program Files\Java\jre1.8.0_121\bin\zip.dll
0x00007ffeda380000 - 0x00007ffedb7b7000 	C:\WINDOWS\System32\SHELL32.dll
0x00007ffeda220000 - 0x00007ffeda2ca000 	C:\WINDOWS\System32\shcore.dll
0x00007ffed83c0000 - 0x00007ffed8ab2000 	C:\WINDOWS\System32\windows.storage.dll
0x00007ffed9ea0000 - 0x00007ffed9ef1000 	C:\WINDOWS\System32\shlwapi.dll
0x00007ffed7d10000 - 0x00007ffed7d21000 	C:\WINDOWS\System32\kernel.appcore.dll
0x00007ffed7d30000 - 0x00007ffed7d7c000 	C:\WINDOWS\System32\powrprof.dll
0x00007ffed7cf0000 - 0x00007ffed7d05000 	C:\WINDOWS\System32\profapi.dll
0x0000000070870000 - 0x000000007088a000 	C:\Program Files\Java\jre1.8.0_121\bin\net.dll
0x00007ffed75e0000 - 0x00007ffed763c000 	C:\WINDOWS\system32\mswsock.dll
0x0000000070850000 - 0x0000000070861000 	C:\Program Files\Java\jre1.8.0_121\bin\nio.dll
0x00007ffebe470000 - 0x00007ffebe4c7000 	C:\Users\DeaSTL\AppData\Local\Temp\lwjglDeaSTL\3.1.2-build-29\lwjgl.dll
0x00007ffecbb10000 - 0x00007ffecbb4c000 	C:\Users\DeaSTL\AppData\Local\Temp\lwjglDeaSTL\3.1.2-build-29\jemalloc.dll
0x00007ffebe050000 - 0x00007ffebe08d000 	C:\Users\DeaSTL\AppData\Local\Temp\lwjglDeaSTL\3.1.2-build-29\glfw.dll
0x00007ffebc640000 - 0x00007ffebc69c000 	C:\Users\DeaSTL\AppData\Local\Temp\lwjglDeaSTL\3.1.2-build-29\lwjgl_opengl.dll
0x00007ffeb9d70000 - 0x00007ffeb9e91000 	C:\WINDOWS\SYSTEM32\opengl32.dll
0x00007ffecac70000 - 0x00007ffecac9c000 	C:\WINDOWS\SYSTEM32\GLU32.dll
0x00007ffec5430000 - 0x00007ffec55d9000 	C:\WINDOWS\SYSTEM32\dbghelp.dll

VM Arguments:
jvm_args: -Dfile.encoding=Cp1252 
java_command: lwjglTest0.Main
java_class_path (initial): C:\Users\DeaSTL\workspace\lwjglTest0\bin;C:\Users\DeaSTL\workspace\lwjglTest0\lib\lwjgl.jar;C:\Users\DeaSTL\workspace\lwjglTest0\lib\lwjgl-assimp.jar;C:\Users\DeaSTL\workspace\lwjglTest0\lib\lwjgl-assimp-javadoc.jar;C:\Users\DeaSTL\workspace\lwjglTest0\lib\lwjgl-assimp-natives-windows.jar;C:\Users\DeaSTL\workspace\lwjglTest0\lib\lwjgl-assimp-sources.jar;C:\Users\DeaSTL\workspace\lwjglTest0\lib\lwjgl-bgfx.jar;C:\Users\DeaSTL\workspace\lwjglTest0\lib\lwjgl-bgfx-javadoc.jar;C:\Users\DeaSTL\workspace\lwjglTest0\lib\lwjgl-bgfx-natives-windows.jar;C:\Users\DeaSTL\workspace\lwjglTest0\lib\lwjgl-bgfx-sources.jar;C:\Users\DeaSTL\workspace\lwjglTest0\lib\lwjgl-egl.jar;C:\Users\DeaSTL\workspace\lwjglTest0\lib\lwjgl-egl-javadoc.jar;C:\Users\DeaSTL\workspace\lwjglTest0\lib\lwjgl-egl-sources.jar;C:\Users\DeaSTL\workspace\lwjglTest0\lib\lwjgl-glfw.jar;C:\Users\DeaSTL\workspace\lwjglTest0\lib\lwjgl-glfw-javadoc.jar;C:\Users\DeaSTL\workspace\lwjglTest0\lib\lwjgl-glfw-natives-windows.jar;C:\Users\DeaSTL\workspace\lwjglTest0\lib\lwjgl-glfw-sources.jar;C:\Users\DeaSTL\workspace\lwjglTest0\lib\lwjgl-javadoc.jar;C:\Users\DeaSTL\workspace\lwjglTest0\lib\lwjgl-jawt.jar;C:\Users\DeaSTL\workspace\lwjglTest0\lib\lwjgl-jawt-javadoc.jar;C:\Users\DeaSTL\workspace\lwjglTest0\lib\lwjgl-jawt-sources.jar;C:\Users\DeaSTL\workspace\lwjglTest0\lib\lwjgl-jemalloc.jar;C:\Users\DeaSTL\workspace\lwjglTest0\lib\lwjgl-jemalloc-javadoc.jar;C:\Users\DeaSTL\workspace\lwjglTest0\lib\lwjgl-jemalloc-natives-windows.jar;C:\Users\DeaSTL\workspace\lwjglTest0\lib\lwjgl-jemalloc-sources.jar;C:\Users\DeaSTL\workspace\lwjglTest0\lib\lwjgl-lmdb.jar;C:\Users\DeaSTL\workspace\lwjglTest0\lib\lwjgl-lmdb-javadoc.jar;C:\Users\DeaSTL\workspace\lwjglTest0\lib\lwjgl-lmdb-natives-windows.jar;C:\Users\DeaSTL\workspace\lwjglTest0\lib\lwjgl-lmdb-sources.jar;C:\Users\DeaSTL\workspace\lwjglTest0\lib\lwjgl-nanovg.jar;C:\Users\DeaSTL\workspace\lwjglTest0\lib\lwjgl-nanovg-javadoc.jar;C:\Users\DeaSTL\workspace\l
Launcher Type: SUN_STANDARD

Environment Variables:
PATH=C:/Program Files/Java/jre1.8.0_121/bin/server;C:/Program Files/Java/jre1.8.0_121/bin;C:/Program Files/Java/jre1.8.0_121/lib/amd64;C:\ProgramData\Oracle\Java\javapath;C:\Windows\system32;C:\Windows;C:\Windows\System32\Wbem;C:\Windows\System32\WindowsPowerShell\v1.0\;C:\Program Files (x86)\NVIDIA Corporation\PhysX\Common;C:\Program Files\Microsoft SQL Server\130\Tools\Binn\;C:\Program Files\dotnet\;C:\Program Files\Git\cmd;C:\Program Files (x86)\PuTTY\;C:\WINDOWS\system32;C:\WINDOWS;C:\WINDOWS\System32\Wbem;C:\WINDOWS\System32\WindowsPowerShell\v1.0\;C:\Program Files\nodejs\;C:\xampp\php;C:\ProgramData\ComposerSetup\bin;C:\Program Files (x86)\Skype\Phone\;C:\Program Files (x86)\GtkSharp\2.12\bin;C:\Program Files (x86)\Windows Kits\8.1\Windows Performance Toolkit\;C:\Users\DeaSTL\AppData\Local\Programs\Python\Python36-32\Scripts\;C:\Users\DeaSTL\AppData\Local\Programs\Python\Python36-32\;C:\Users\DeaSTL\AppData\Local\Microsoft\WindowsApps;C:\Users\DeaSTL\AppData\Roaming\npm;C:\Users\DeaSTL\AppData\Roaming\Composer\vendor\bin;C:\WINDOWS\system32;
USERNAME=DeaSTL
OS=Windows_NT
PROCESSOR_IDENTIFIER=AMD64 Family 21 Model 2 Stepping 0, AuthenticAMD



---------------  S Y S T E M  ---------------

OS: Windows 10.0 , 64 bit Build 15063 (10.0.15063.296)

CPU:total 6 (6 cores per cpu, 1 threads per core) family 21 model 2 stepping 0, cmov, cx8, fxsr, mmx, sse, sse2, sse3, ssse3, sse4.1, sse4.2, popcnt, avx, aes, clmul, mmxext, 3dnowpref, lzcnt, sse4a, tsc, tscinvbit, tscinv, bmi1

Memory: 4k page, physical 16741048k(10818968k free), swap 19231416k(10799796k free)

vm_info: Java HotSpot(TM) 64-Bit Server VM (25.121-b13) for windows-amd64 JRE (1.8.0_121-b13), built on Dec 12 2016 18:21:36 by "java_re" with MS VC++ 10.0 (VS2010)

time: Sun May 28 18:48:35 2017
elapsed time: 0 seconds (0d 0h 0m 0s)

